2025-12-16 06:38:48,505 - app - INFO - ======================================================================
2025-12-16 06:38:48,506 - app - INFO - Starting Punjab Soil Predictor API v2.0.0
2025-12-16 06:38:48,506 - app - INFO - ======================================================================
2025-12-16 06:38:48,535 - app - INFO - ✓ Loaded 7 models successfully
2025-12-16 06:38:48,535 - app - INFO - ✓ Application ready
2025-12-16 06:43:34,487 - app - INFO - Shutting down application...
2025-12-16 06:43:34,488 - app - INFO - Total predictions served: 0
2025-12-16 06:43:37,690 - app - INFO - ======================================================================
2025-12-16 06:43:37,691 - app - INFO - Starting Punjab Soil Predictor API v2.0.0
2025-12-16 06:43:37,691 - app - INFO - ======================================================================
2025-12-16 06:43:37,717 - app - INFO - ✓ Loaded 7 models successfully
2025-12-16 06:43:37,717 - app - INFO - ✓ Application ready
2025-12-16 06:51:27,550 - app - INFO - Shutting down application...
2025-12-16 06:51:27,552 - app - INFO - Total predictions served: 0
2025-12-16 06:52:10,568 - app - INFO - ======================================================================
2025-12-16 06:52:10,568 - app - INFO - Starting Punjab Soil Predictor API v2.0.0
2025-12-16 06:52:10,568 - app - INFO - ======================================================================
2025-12-16 06:52:10,596 - app - INFO - ✓ Loaded 7 models successfully
2025-12-16 06:52:10,596 - app - INFO - ✓ Application ready
2025-12-16 07:05:26,281 - app - INFO - Shutting down application...
2025-12-16 07:05:26,283 - app - INFO - Total predictions served: 0
2025-12-16 07:05:31,882 - app - INFO - ======================================================================
2025-12-16 07:05:31,882 - app - INFO - Starting Punjab Soil Predictor API v2.0.0
2025-12-16 07:05:31,882 - app - INFO - ======================================================================
2025-12-16 07:05:31,902 - app - INFO - ✓ Loaded 7 models successfully
2025-12-16 07:05:31,902 - app - INFO - ✓ Application ready
2025-12-16 07:06:18,726 - app - INFO - Cached prediction for key: 227a1a69c3320fa0589e2e56ce41f9a1
2025-12-16 07:06:18,727 - app - INFO - Prediction completed in 58.27ms
2025-12-16 07:06:22,404 - app - INFO - Cache hit for key: 227a1a69c3320fa0589e2e56ce41f9a1
2025-12-16 07:06:49,563 - app - INFO - Cache hit for key: 227a1a69c3320fa0589e2e56ce41f9a1
2025-12-16 07:16:46,806 - app - INFO - Cached prediction for key: 3e4c00cfcd5f5ddb00d0906cb40e1901
2025-12-16 07:16:46,807 - app - INFO - Prediction completed in 56.67ms
2025-12-16 07:16:50,779 - app - INFO - Cache hit for key: 3e4c00cfcd5f5ddb00d0906cb40e1901
2025-12-16 07:16:52,144 - app - INFO - Cache hit for key: 3e4c00cfcd5f5ddb00d0906cb40e1901
2025-12-16 07:17:20,555 - app - INFO - Cached prediction for key: 78a6e33271eb8a1b7712c448c7452117
2025-12-16 07:17:20,555 - app - INFO - Prediction completed in 32.46ms
2025-12-16 07:17:23,229 - app - INFO - Cache hit for key: 78a6e33271eb8a1b7712c448c7452117
2025-12-16 07:21:15,599 - app - INFO - Shutting down application...
2025-12-16 07:21:15,601 - app - INFO - Total predictions served: 8
2025-12-16 07:21:20,150 - app - INFO - ======================================================================
2025-12-16 07:21:20,150 - app - INFO - Starting Punjab Soil Predictor API v2.0.0
2025-12-16 07:21:20,150 - app - INFO - ======================================================================
2025-12-16 07:21:20,168 - app - INFO - ✓ Loaded 7 models successfully
2025-12-16 07:21:20,168 - app - INFO - ✓ Application ready
2025-12-16 07:21:30,852 - app - INFO - Cached prediction for key: e98905ce9de53677f4a5866bd1916e73
2025-12-16 07:21:30,852 - app - INFO - Prediction completed in 48.60ms
2025-12-16 07:21:51,806 - app - INFO - Cached prediction for key: f9578c13af77db2a1a2aa41c8f2b8061
2025-12-16 07:21:51,807 - app - INFO - Prediction completed in 44.73ms
2025-12-16 07:22:19,774 - app - INFO - Cached prediction for key: 0e25c84a2f1dc39bee4d44ad7c110c88
2025-12-16 07:22:19,774 - app - INFO - Prediction completed in 44.44ms
2025-12-16 07:25:05,680 - app - INFO - Cached prediction for key: aa52b35cf363a206ab682cc936a69bd2
2025-12-16 07:25:05,681 - app - INFO - Prediction completed in 45.49ms
2025-12-16 07:25:17,503 - app - INFO - Cached prediction for key: 2323a242a4a9c87c4e8e063fa5c9aa56
2025-12-16 07:25:17,503 - app - INFO - Prediction completed in 29.84ms
2025-12-16 07:32:01,843 - app - INFO - Cache hit for key: 2323a242a4a9c87c4e8e063fa5c9aa56
2025-12-16 07:32:09,771 - app - INFO - Cached prediction for key: 119ce7cc3a9e7c7fc4376ab338140f64
2025-12-16 07:32:09,771 - app - INFO - Prediction completed in 58.76ms
2025-12-16 07:32:20,525 - app - INFO - Cached prediction for key: b8b3498e5720eacf942ce0701f9ce7a7
2025-12-16 07:32:20,525 - app - INFO - Prediction completed in 35.75ms
2025-12-16 07:32:34,717 - app - INFO - Cached prediction for key: 8cbb076c22f9a91964eaffad7b905c10
2025-12-16 07:32:34,718 - app - INFO - Prediction completed in 42.84ms
2025-12-16 11:20:37,058 - app - INFO - Cached prediction for key: b30d80ff5c479fb9ac789856065c12be
2025-12-16 11:20:37,060 - app - INFO - Prediction completed in 98.86ms
2025-12-16 11:20:47,399 - app - INFO - Cached prediction for key: df913b0f3165255ab8dff2d43a7b8827
2025-12-16 11:20:47,399 - app - INFO - Prediction completed in 43.07ms
2025-12-16 12:55:31,387 - app - INFO - Cached prediction for key: 322837e3a697f4bfc1739f2f33215331
2025-12-16 12:55:31,390 - app - INFO - Prediction completed in 119.61ms
2025-12-16 17:55:22,667 - app - INFO - Shutting down application...
2025-12-16 17:55:22,670 - app - INFO - Total predictions served: 12
2025-12-16 17:57:56,251 - app - INFO - ======================================================================
2025-12-16 17:57:56,251 - app - INFO - Starting Punjab Soil Predictor API v2.0.0
2025-12-16 17:57:56,251 - app - INFO - ======================================================================
2025-12-16 17:57:56,270 - app - INFO - ✓ Loaded 7 models successfully
2025-12-16 17:57:56,270 - app - INFO - ✓ Application ready
2025-12-16 17:58:02,078 - app - INFO - Cached prediction for key: e2a843c5e425b4a730a0a477dfcb7da2
2025-12-16 17:58:02,079 - app - INFO - Prediction completed in 36.92ms
2025-12-16 17:58:59,206 - app - INFO - Cached prediction for key: 4a5eabe80b4354473467d14ed092fff3
2025-12-16 17:58:59,207 - app - INFO - Prediction completed in 40.63ms
2025-12-16 17:59:49,984 - app - INFO - Cached prediction for key: 8885acd0f0d0ac99638f96e659ce47fe
2025-12-16 17:59:49,984 - app - INFO - Prediction completed in 34.51ms
2025-12-16 18:05:19,093 - app - INFO - Cached prediction for key: e98905ce9de53677f4a5866bd1916e73
2025-12-16 18:05:19,093 - app - INFO - Prediction completed in 53.41ms
2025-12-16 18:10:40,933 - app - INFO - Cache hit for key: e98905ce9de53677f4a5866bd1916e73
2025-12-16 18:17:44,405 - app - INFO - Cached prediction for key: 91cd94706e7408a1cc12232d0ae53be1
2025-12-16 18:17:44,405 - app - INFO - Prediction completed in 45.96ms
2025-12-16 18:18:27,283 - app - INFO - Cache hit for key: e98905ce9de53677f4a5866bd1916e73
2025-12-16 19:33:29,766 - app - INFO - Cached prediction for key: e98905ce9de53677f4a5866bd1916e73
2025-12-16 19:33:29,767 - app - INFO - Prediction completed in 59.73ms
2025-12-16 23:41:37,732 - app - INFO - Cached prediction for key: e98905ce9de53677f4a5866bd1916e73
2025-12-16 23:41:37,732 - app - INFO - Prediction completed in 74.14ms
2025-12-16 23:42:19,802 - app - INFO - Cached prediction for key: bdda671b3a0b7942c6b3f9e16e24e4c8
2025-12-16 23:42:19,802 - app - INFO - Prediction completed in 46.61ms
2025-12-16 23:44:57,577 - app - INFO - Cache hit for key: bdda671b3a0b7942c6b3f9e16e24e4c8
2025-12-17 00:02:19,257 - app - INFO - Cached prediction for key: ec8e835b9fe6bdbf7e567b0f8cabb700
2025-12-17 00:02:19,258 - app - INFO - Prediction completed in 43.35ms
2025-12-17 05:19:53,676 - app - INFO - Cached prediction for key: e98905ce9de53677f4a5866bd1916e73
2025-12-17 05:19:53,677 - app - INFO - Prediction completed in 73.82ms
2025-12-17 05:23:21,068 - app - INFO - Shutting down application...
2025-12-17 05:23:21,069 - app - INFO - Total predictions served: 13
2025-12-17 05:30:32,347 - app - INFO - ======================================================================
2025-12-17 05:30:32,347 - app - INFO - Starting Punjab Soil Predictor API v2.0.0
2025-12-17 05:30:32,347 - app - INFO - ======================================================================
2025-12-17 05:30:32,367 - app - INFO - ✓ Loaded 7 models successfully
2025-12-17 05:30:32,367 - app - INFO - ✓ Application ready
2025-12-17 05:30:42,782 - app - INFO - Cached prediction for key: e98905ce9de53677f4a5866bd1916e73
2025-12-17 05:30:42,782 - app - INFO - Prediction completed in 49.20ms
2025-12-17 05:31:13,985 - app - INFO - Cache hit for key: e98905ce9de53677f4a5866bd1916e73
2025-12-17 05:31:33,470 - app - INFO - Shutting down application...
2025-12-17 05:31:33,472 - app - INFO - Total predictions served: 2
2025-12-17 05:31:46,526 - app - INFO - ======================================================================
2025-12-17 05:31:46,526 - app - INFO - Starting Punjab Soil Predictor API v2.0.0
2025-12-17 05:31:46,526 - app - INFO - ======================================================================
2025-12-17 05:31:46,544 - app - INFO - ✓ Loaded 7 models successfully
2025-12-17 05:31:46,544 - app - INFO - ✓ Application ready
2025-12-17 05:31:51,146 - app - INFO - Cached prediction for key: e98905ce9de53677f4a5866bd1916e73
2025-12-17 05:31:51,146 - app - INFO - Prediction completed in 46.94ms
2025-12-17 05:31:55,588 - app - INFO - Cache hit for key: e98905ce9de53677f4a5866bd1916e73
2025-12-17 05:35:28,483 - app - INFO - Shutting down application...
2025-12-17 05:35:28,484 - app - INFO - Total predictions served: 2
2025-12-17 05:46:38,713 - app - INFO - ======================================================================
2025-12-17 05:46:38,713 - app - INFO - Starting Punjab Soil Predictor API v2.0.0
2025-12-17 05:46:38,713 - app - INFO - ======================================================================
2025-12-17 05:46:38,734 - app - INFO - ✓ Loaded 7 models successfully
2025-12-17 05:46:38,734 - app - INFO - ✓ Application ready
2025-12-17 05:47:08,769 - app - INFO - Cached prediction for key: e98905ce9de53677f4a5866bd1916e73
2025-12-17 05:47:08,769 - app - INFO - Prediction completed in 51.76ms
2025-12-17 05:55:28,495 - app - INFO - Shutting down application...
2025-12-17 05:55:28,495 - app - INFO - Total predictions served: 1
2025-12-17 05:55:30,652 - app - INFO - ======================================================================
2025-12-17 05:55:30,653 - app - INFO - Starting Punjab Soil Predictor API v2.0.0
2025-12-17 05:55:30,653 - app - INFO - ======================================================================
2025-12-17 05:55:30,673 - app - INFO - ✓ Loaded 7 models successfully
2025-12-17 05:55:30,673 - app - INFO - ✓ Application ready
2025-12-17 05:55:40,501 - app - ERROR - Unhandled exception: 1 validation error:
  {'type': 'model_attributes_type', 'loc': ('response',), 'msg': 'Input should be a valid dictionary or object to extract fields from', 'input': None}

  File "/Users/demo/punjab-soil-predictor/app.py", line 406, in predict
    POST /api/predict
Traceback (most recent call last):
  File "/Library/Frameworks/Python.framework/Versions/3.14/lib/python3.14/site-packages/starlette/middleware/errors.py", line 164, in __call__
    await self.app(scope, receive, _send)
  File "/Library/Frameworks/Python.framework/Versions/3.14/lib/python3.14/site-packages/starlette/middleware/gzip.py", line 29, in __call__
    await responder(scope, receive, send)
  File "/Library/Frameworks/Python.framework/Versions/3.14/lib/python3.14/site-packages/starlette/middleware/gzip.py", line 130, in __call__
    await super().__call__(scope, receive, send)
  File "/Library/Frameworks/Python.framework/Versions/3.14/lib/python3.14/site-packages/starlette/middleware/gzip.py", line 46, in __call__
    await self.app(scope, receive, self.send_with_compression)
  File "/Library/Frameworks/Python.framework/Versions/3.14/lib/python3.14/site-packages/starlette/middleware/cors.py", line 93, in __call__
    await self.simple_response(scope, receive, send, request_headers=headers)
  File "/Library/Frameworks/Python.framework/Versions/3.14/lib/python3.14/site-packages/starlette/middleware/cors.py", line 144, in simple_response
    await self.app(scope, receive, send)
  File "/Library/Frameworks/Python.framework/Versions/3.14/lib/python3.14/site-packages/starlette/middleware/exceptions.py", line 63, in __call__
    await wrap_app_handling_exceptions(self.app, conn)(scope, receive, send)
  File "/Library/Frameworks/Python.framework/Versions/3.14/lib/python3.14/site-packages/starlette/_exception_handler.py", line 53, in wrapped_app
    raise exc
  File "/Library/Frameworks/Python.framework/Versions/3.14/lib/python3.14/site-packages/starlette/_exception_handler.py", line 42, in wrapped_app
    await app(scope, receive, sender)
  File "/Library/Frameworks/Python.framework/Versions/3.14/lib/python3.14/site-packages/fastapi/middleware/asyncexitstack.py", line 18, in __call__
    await self.app(scope, receive, send)
  File "/Library/Frameworks/Python.framework/Versions/3.14/lib/python3.14/site-packages/starlette/routing.py", line 716, in __call__
    await self.middleware_stack(scope, receive, send)
  File "/Library/Frameworks/Python.framework/Versions/3.14/lib/python3.14/site-packages/starlette/routing.py", line 736, in app
    await route.handle(scope, receive, send)
  File "/Library/Frameworks/Python.framework/Versions/3.14/lib/python3.14/site-packages/starlette/routing.py", line 290, in handle
    await self.app(scope, receive, send)
  File "/Library/Frameworks/Python.framework/Versions/3.14/lib/python3.14/site-packages/fastapi/routing.py", line 120, in app
    await wrap_app_handling_exceptions(app, request)(scope, receive, send)
  File "/Library/Frameworks/Python.framework/Versions/3.14/lib/python3.14/site-packages/starlette/_exception_handler.py", line 53, in wrapped_app
    raise exc
  File "/Library/Frameworks/Python.framework/Versions/3.14/lib/python3.14/site-packages/starlette/_exception_handler.py", line 42, in wrapped_app
    await app(scope, receive, sender)
  File "/Library/Frameworks/Python.framework/Versions/3.14/lib/python3.14/site-packages/fastapi/routing.py", line 106, in app
    response = await f(request)
               ^^^^^^^^^^^^^^^^
  File "/Library/Frameworks/Python.framework/Versions/3.14/lib/python3.14/site-packages/fastapi/routing.py", line 452, in app
    content = await serialize_response(
              ^^^^^^^^^^^^^^^^^^^^^^^^^
    ...<10 lines>...
    )
    ^
  File "/Library/Frameworks/Python.framework/Versions/3.14/lib/python3.14/site-packages/fastapi/routing.py", line 278, in serialize_response
    raise ResponseValidationError(
    ...<3 lines>...
    )
fastapi.exceptions.ResponseValidationError: 1 validation error:
  {'type': 'model_attributes_type', 'loc': ('response',), 'msg': 'Input should be a valid dictionary or object to extract fields from', 'input': None}

  File "/Users/demo/punjab-soil-predictor/app.py", line 406, in predict
    POST /api/predict
2025-12-17 05:55:41,924 - app - ERROR - Unhandled exception: 1 validation error:
  {'type': 'model_attributes_type', 'loc': ('response',), 'msg': 'Input should be a valid dictionary or object to extract fields from', 'input': None}

  File "/Users/demo/punjab-soil-predictor/app.py", line 406, in predict
    POST /api/predict
Traceback (most recent call last):
  File "/Library/Frameworks/Python.framework/Versions/3.14/lib/python3.14/site-packages/starlette/middleware/errors.py", line 164, in __call__
    await self.app(scope, receive, _send)
  File "/Library/Frameworks/Python.framework/Versions/3.14/lib/python3.14/site-packages/starlette/middleware/gzip.py", line 29, in __call__
    await responder(scope, receive, send)
  File "/Library/Frameworks/Python.framework/Versions/3.14/lib/python3.14/site-packages/starlette/middleware/gzip.py", line 130, in __call__
    await super().__call__(scope, receive, send)
  File "/Library/Frameworks/Python.framework/Versions/3.14/lib/python3.14/site-packages/starlette/middleware/gzip.py", line 46, in __call__
    await self.app(scope, receive, self.send_with_compression)
  File "/Library/Frameworks/Python.framework/Versions/3.14/lib/python3.14/site-packages/starlette/middleware/cors.py", line 93, in __call__
    await self.simple_response(scope, receive, send, request_headers=headers)
  File "/Library/Frameworks/Python.framework/Versions/3.14/lib/python3.14/site-packages/starlette/middleware/cors.py", line 144, in simple_response
    await self.app(scope, receive, send)
  File "/Library/Frameworks/Python.framework/Versions/3.14/lib/python3.14/site-packages/starlette/middleware/exceptions.py", line 63, in __call__
    await wrap_app_handling_exceptions(self.app, conn)(scope, receive, send)
  File "/Library/Frameworks/Python.framework/Versions/3.14/lib/python3.14/site-packages/starlette/_exception_handler.py", line 53, in wrapped_app
    raise exc
  File "/Library/Frameworks/Python.framework/Versions/3.14/lib/python3.14/site-packages/starlette/_exception_handler.py", line 42, in wrapped_app
    await app(scope, receive, sender)
  File "/Library/Frameworks/Python.framework/Versions/3.14/lib/python3.14/site-packages/fastapi/middleware/asyncexitstack.py", line 18, in __call__
    await self.app(scope, receive, send)
  File "/Library/Frameworks/Python.framework/Versions/3.14/lib/python3.14/site-packages/starlette/routing.py", line 716, in __call__
    await self.middleware_stack(scope, receive, send)
  File "/Library/Frameworks/Python.framework/Versions/3.14/lib/python3.14/site-packages/starlette/routing.py", line 736, in app
    await route.handle(scope, receive, send)
  File "/Library/Frameworks/Python.framework/Versions/3.14/lib/python3.14/site-packages/starlette/routing.py", line 290, in handle
    await self.app(scope, receive, send)
  File "/Library/Frameworks/Python.framework/Versions/3.14/lib/python3.14/site-packages/fastapi/routing.py", line 120, in app
    await wrap_app_handling_exceptions(app, request)(scope, receive, send)
  File "/Library/Frameworks/Python.framework/Versions/3.14/lib/python3.14/site-packages/starlette/_exception_handler.py", line 53, in wrapped_app
    raise exc
  File "/Library/Frameworks/Python.framework/Versions/3.14/lib/python3.14/site-packages/starlette/_exception_handler.py", line 42, in wrapped_app
    await app(scope, receive, sender)
  File "/Library/Frameworks/Python.framework/Versions/3.14/lib/python3.14/site-packages/fastapi/routing.py", line 106, in app
    response = await f(request)
               ^^^^^^^^^^^^^^^^
  File "/Library/Frameworks/Python.framework/Versions/3.14/lib/python3.14/site-packages/fastapi/routing.py", line 452, in app
    content = await serialize_response(
              ^^^^^^^^^^^^^^^^^^^^^^^^^
    ...<10 lines>...
    )
    ^
  File "/Library/Frameworks/Python.framework/Versions/3.14/lib/python3.14/site-packages/fastapi/routing.py", line 278, in serialize_response
    raise ResponseValidationError(
    ...<3 lines>...
    )
fastapi.exceptions.ResponseValidationError: 1 validation error:
  {'type': 'model_attributes_type', 'loc': ('response',), 'msg': 'Input should be a valid dictionary or object to extract fields from', 'input': None}

  File "/Users/demo/punjab-soil-predictor/app.py", line 406, in predict
    POST /api/predict
2025-12-17 05:55:54,749 - app - INFO - Shutting down application...
2025-12-17 05:55:54,749 - app - INFO - Total predictions served: 0
2025-12-17 05:56:06,434 - app - INFO - ======================================================================
2025-12-17 05:56:06,434 - app - INFO - Starting Punjab Soil Predictor API v2.0.0
2025-12-17 05:56:06,435 - app - INFO - ======================================================================
2025-12-17 05:56:06,454 - app - INFO - ✓ Loaded 7 models successfully
2025-12-17 05:56:06,454 - app - INFO - ✓ Application ready
2025-12-17 05:56:13,241 - app - ERROR - Unhandled exception: 1 validation error:
  {'type': 'model_attributes_type', 'loc': ('response',), 'msg': 'Input should be a valid dictionary or object to extract fields from', 'input': None}

  File "/Users/demo/punjab-soil-predictor/app.py", line 406, in predict
    POST /api/predict
Traceback (most recent call last):
  File "/Library/Frameworks/Python.framework/Versions/3.14/lib/python3.14/site-packages/starlette/middleware/errors.py", line 164, in __call__
    await self.app(scope, receive, _send)
  File "/Library/Frameworks/Python.framework/Versions/3.14/lib/python3.14/site-packages/starlette/middleware/gzip.py", line 29, in __call__
    await responder(scope, receive, send)
  File "/Library/Frameworks/Python.framework/Versions/3.14/lib/python3.14/site-packages/starlette/middleware/gzip.py", line 130, in __call__
    await super().__call__(scope, receive, send)
  File "/Library/Frameworks/Python.framework/Versions/3.14/lib/python3.14/site-packages/starlette/middleware/gzip.py", line 46, in __call__
    await self.app(scope, receive, self.send_with_compression)
  File "/Library/Frameworks/Python.framework/Versions/3.14/lib/python3.14/site-packages/starlette/middleware/cors.py", line 93, in __call__
    await self.simple_response(scope, receive, send, request_headers=headers)
  File "/Library/Frameworks/Python.framework/Versions/3.14/lib/python3.14/site-packages/starlette/middleware/cors.py", line 144, in simple_response
    await self.app(scope, receive, send)
  File "/Library/Frameworks/Python.framework/Versions/3.14/lib/python3.14/site-packages/starlette/middleware/exceptions.py", line 63, in __call__
    await wrap_app_handling_exceptions(self.app, conn)(scope, receive, send)
  File "/Library/Frameworks/Python.framework/Versions/3.14/lib/python3.14/site-packages/starlette/_exception_handler.py", line 53, in wrapped_app
    raise exc
  File "/Library/Frameworks/Python.framework/Versions/3.14/lib/python3.14/site-packages/starlette/_exception_handler.py", line 42, in wrapped_app
    await app(scope, receive, sender)
  File "/Library/Frameworks/Python.framework/Versions/3.14/lib/python3.14/site-packages/fastapi/middleware/asyncexitstack.py", line 18, in __call__
    await self.app(scope, receive, send)
  File "/Library/Frameworks/Python.framework/Versions/3.14/lib/python3.14/site-packages/starlette/routing.py", line 716, in __call__
    await self.middleware_stack(scope, receive, send)
  File "/Library/Frameworks/Python.framework/Versions/3.14/lib/python3.14/site-packages/starlette/routing.py", line 736, in app
    await route.handle(scope, receive, send)
  File "/Library/Frameworks/Python.framework/Versions/3.14/lib/python3.14/site-packages/starlette/routing.py", line 290, in handle
    await self.app(scope, receive, send)
  File "/Library/Frameworks/Python.framework/Versions/3.14/lib/python3.14/site-packages/fastapi/routing.py", line 120, in app
    await wrap_app_handling_exceptions(app, request)(scope, receive, send)
  File "/Library/Frameworks/Python.framework/Versions/3.14/lib/python3.14/site-packages/starlette/_exception_handler.py", line 53, in wrapped_app
    raise exc
  File "/Library/Frameworks/Python.framework/Versions/3.14/lib/python3.14/site-packages/starlette/_exception_handler.py", line 42, in wrapped_app
    await app(scope, receive, sender)
  File "/Library/Frameworks/Python.framework/Versions/3.14/lib/python3.14/site-packages/fastapi/routing.py", line 106, in app
    response = await f(request)
               ^^^^^^^^^^^^^^^^
  File "/Library/Frameworks/Python.framework/Versions/3.14/lib/python3.14/site-packages/fastapi/routing.py", line 452, in app
    content = await serialize_response(
              ^^^^^^^^^^^^^^^^^^^^^^^^^
    ...<10 lines>...
    )
    ^
  File "/Library/Frameworks/Python.framework/Versions/3.14/lib/python3.14/site-packages/fastapi/routing.py", line 278, in serialize_response
    raise ResponseValidationError(
    ...<3 lines>...
    )
fastapi.exceptions.ResponseValidationError: 1 validation error:
  {'type': 'model_attributes_type', 'loc': ('response',), 'msg': 'Input should be a valid dictionary or object to extract fields from', 'input': None}

  File "/Users/demo/punjab-soil-predictor/app.py", line 406, in predict
    POST /api/predict
2025-12-17 05:56:14,189 - app - ERROR - Unhandled exception: 1 validation error:
  {'type': 'model_attributes_type', 'loc': ('response',), 'msg': 'Input should be a valid dictionary or object to extract fields from', 'input': None}

  File "/Users/demo/punjab-soil-predictor/app.py", line 406, in predict
    POST /api/predict
Traceback (most recent call last):
  File "/Library/Frameworks/Python.framework/Versions/3.14/lib/python3.14/site-packages/starlette/middleware/errors.py", line 164, in __call__
    await self.app(scope, receive, _send)
  File "/Library/Frameworks/Python.framework/Versions/3.14/lib/python3.14/site-packages/starlette/middleware/gzip.py", line 29, in __call__
    await responder(scope, receive, send)
  File "/Library/Frameworks/Python.framework/Versions/3.14/lib/python3.14/site-packages/starlette/middleware/gzip.py", line 130, in __call__
    await super().__call__(scope, receive, send)
  File "/Library/Frameworks/Python.framework/Versions/3.14/lib/python3.14/site-packages/starlette/middleware/gzip.py", line 46, in __call__
    await self.app(scope, receive, self.send_with_compression)
  File "/Library/Frameworks/Python.framework/Versions/3.14/lib/python3.14/site-packages/starlette/middleware/cors.py", line 93, in __call__
    await self.simple_response(scope, receive, send, request_headers=headers)
  File "/Library/Frameworks/Python.framework/Versions/3.14/lib/python3.14/site-packages/starlette/middleware/cors.py", line 144, in simple_response
    await self.app(scope, receive, send)
  File "/Library/Frameworks/Python.framework/Versions/3.14/lib/python3.14/site-packages/starlette/middleware/exceptions.py", line 63, in __call__
    await wrap_app_handling_exceptions(self.app, conn)(scope, receive, send)
  File "/Library/Frameworks/Python.framework/Versions/3.14/lib/python3.14/site-packages/starlette/_exception_handler.py", line 53, in wrapped_app
    raise exc
  File "/Library/Frameworks/Python.framework/Versions/3.14/lib/python3.14/site-packages/starlette/_exception_handler.py", line 42, in wrapped_app
    await app(scope, receive, sender)
  File "/Library/Frameworks/Python.framework/Versions/3.14/lib/python3.14/site-packages/fastapi/middleware/asyncexitstack.py", line 18, in __call__
    await self.app(scope, receive, send)
  File "/Library/Frameworks/Python.framework/Versions/3.14/lib/python3.14/site-packages/starlette/routing.py", line 716, in __call__
    await self.middleware_stack(scope, receive, send)
  File "/Library/Frameworks/Python.framework/Versions/3.14/lib/python3.14/site-packages/starlette/routing.py", line 736, in app
    await route.handle(scope, receive, send)
  File "/Library/Frameworks/Python.framework/Versions/3.14/lib/python3.14/site-packages/starlette/routing.py", line 290, in handle
    await self.app(scope, receive, send)
  File "/Library/Frameworks/Python.framework/Versions/3.14/lib/python3.14/site-packages/fastapi/routing.py", line 120, in app
    await wrap_app_handling_exceptions(app, request)(scope, receive, send)
  File "/Library/Frameworks/Python.framework/Versions/3.14/lib/python3.14/site-packages/starlette/_exception_handler.py", line 53, in wrapped_app
    raise exc
  File "/Library/Frameworks/Python.framework/Versions/3.14/lib/python3.14/site-packages/starlette/_exception_handler.py", line 42, in wrapped_app
    await app(scope, receive, sender)
  File "/Library/Frameworks/Python.framework/Versions/3.14/lib/python3.14/site-packages/fastapi/routing.py", line 106, in app
    response = await f(request)
               ^^^^^^^^^^^^^^^^
  File "/Library/Frameworks/Python.framework/Versions/3.14/lib/python3.14/site-packages/fastapi/routing.py", line 452, in app
    content = await serialize_response(
              ^^^^^^^^^^^^^^^^^^^^^^^^^
    ...<10 lines>...
    )
    ^
  File "/Library/Frameworks/Python.framework/Versions/3.14/lib/python3.14/site-packages/fastapi/routing.py", line 278, in serialize_response
    raise ResponseValidationError(
    ...<3 lines>...
    )
fastapi.exceptions.ResponseValidationError: 1 validation error:
  {'type': 'model_attributes_type', 'loc': ('response',), 'msg': 'Input should be a valid dictionary or object to extract fields from', 'input': None}

  File "/Users/demo/punjab-soil-predictor/app.py", line 406, in predict
    POST /api/predict
2025-12-17 05:56:40,210 - app - ERROR - Unhandled exception: 1 validation error:
  {'type': 'model_attributes_type', 'loc': ('response',), 'msg': 'Input should be a valid dictionary or object to extract fields from', 'input': None}

  File "/Users/demo/punjab-soil-predictor/app.py", line 406, in predict
    POST /api/predict
Traceback (most recent call last):
  File "/Library/Frameworks/Python.framework/Versions/3.14/lib/python3.14/site-packages/starlette/middleware/errors.py", line 164, in __call__
    await self.app(scope, receive, _send)
  File "/Library/Frameworks/Python.framework/Versions/3.14/lib/python3.14/site-packages/starlette/middleware/gzip.py", line 29, in __call__
    await responder(scope, receive, send)
  File "/Library/Frameworks/Python.framework/Versions/3.14/lib/python3.14/site-packages/starlette/middleware/gzip.py", line 130, in __call__
    await super().__call__(scope, receive, send)
  File "/Library/Frameworks/Python.framework/Versions/3.14/lib/python3.14/site-packages/starlette/middleware/gzip.py", line 46, in __call__
    await self.app(scope, receive, self.send_with_compression)
  File "/Library/Frameworks/Python.framework/Versions/3.14/lib/python3.14/site-packages/starlette/middleware/cors.py", line 93, in __call__
    await self.simple_response(scope, receive, send, request_headers=headers)
  File "/Library/Frameworks/Python.framework/Versions/3.14/lib/python3.14/site-packages/starlette/middleware/cors.py", line 144, in simple_response
    await self.app(scope, receive, send)
  File "/Library/Frameworks/Python.framework/Versions/3.14/lib/python3.14/site-packages/starlette/middleware/exceptions.py", line 63, in __call__
    await wrap_app_handling_exceptions(self.app, conn)(scope, receive, send)
  File "/Library/Frameworks/Python.framework/Versions/3.14/lib/python3.14/site-packages/starlette/_exception_handler.py", line 53, in wrapped_app
    raise exc
  File "/Library/Frameworks/Python.framework/Versions/3.14/lib/python3.14/site-packages/starlette/_exception_handler.py", line 42, in wrapped_app
    await app(scope, receive, sender)
  File "/Library/Frameworks/Python.framework/Versions/3.14/lib/python3.14/site-packages/fastapi/middleware/asyncexitstack.py", line 18, in __call__
    await self.app(scope, receive, send)
  File "/Library/Frameworks/Python.framework/Versions/3.14/lib/python3.14/site-packages/starlette/routing.py", line 716, in __call__
    await self.middleware_stack(scope, receive, send)
  File "/Library/Frameworks/Python.framework/Versions/3.14/lib/python3.14/site-packages/starlette/routing.py", line 736, in app
    await route.handle(scope, receive, send)
  File "/Library/Frameworks/Python.framework/Versions/3.14/lib/python3.14/site-packages/starlette/routing.py", line 290, in handle
    await self.app(scope, receive, send)
  File "/Library/Frameworks/Python.framework/Versions/3.14/lib/python3.14/site-packages/fastapi/routing.py", line 120, in app
    await wrap_app_handling_exceptions(app, request)(scope, receive, send)
  File "/Library/Frameworks/Python.framework/Versions/3.14/lib/python3.14/site-packages/starlette/_exception_handler.py", line 53, in wrapped_app
    raise exc
  File "/Library/Frameworks/Python.framework/Versions/3.14/lib/python3.14/site-packages/starlette/_exception_handler.py", line 42, in wrapped_app
    await app(scope, receive, sender)
  File "/Library/Frameworks/Python.framework/Versions/3.14/lib/python3.14/site-packages/fastapi/routing.py", line 106, in app
    response = await f(request)
               ^^^^^^^^^^^^^^^^
  File "/Library/Frameworks/Python.framework/Versions/3.14/lib/python3.14/site-packages/fastapi/routing.py", line 452, in app
    content = await serialize_response(
              ^^^^^^^^^^^^^^^^^^^^^^^^^
    ...<10 lines>...
    )
    ^
  File "/Library/Frameworks/Python.framework/Versions/3.14/lib/python3.14/site-packages/fastapi/routing.py", line 278, in serialize_response
    raise ResponseValidationError(
    ...<3 lines>...
    )
fastapi.exceptions.ResponseValidationError: 1 validation error:
  {'type': 'model_attributes_type', 'loc': ('response',), 'msg': 'Input should be a valid dictionary or object to extract fields from', 'input': None}

  File "/Users/demo/punjab-soil-predictor/app.py", line 406, in predict
    POST /api/predict
2025-12-17 05:57:41,110 - app - INFO - Shutting down application...
2025-12-17 05:57:41,111 - app - INFO - Total predictions served: 0
2025-12-17 05:57:43,166 - app - INFO - ======================================================================
2025-12-17 05:57:43,166 - app - INFO - Starting Punjab Soil Predictor API v2.0.0
2025-12-17 05:57:43,166 - app - INFO - ======================================================================
2025-12-17 05:57:43,183 - app - INFO - ✓ Loaded 7 models successfully
2025-12-17 05:57:43,183 - app - INFO - ✓ Application ready
2025-12-17 05:57:45,055 - app - INFO - Cached prediction for key: e9291ba05bd595075d4a95018e60995a
2025-12-17 05:57:45,055 - app - INFO - Prediction completed in 44.94ms
2025-12-17 05:58:39,120 - app - INFO - Shutting down application...
2025-12-17 05:58:39,122 - app - INFO - Total predictions served: 1
2025-12-17 05:58:41,129 - app - INFO - ======================================================================
2025-12-17 05:58:41,129 - app - INFO - Starting Punjab Soil Predictor API v2.0.0
2025-12-17 05:58:41,129 - app - INFO - ======================================================================
2025-12-17 05:58:41,147 - app - INFO - ✓ Loaded 7 models successfully
2025-12-17 05:58:41,147 - app - INFO - ✓ Application ready
2025-12-17 05:58:42,822 - app - INFO - Cached prediction for key: e98905ce9de53677f4a5866bd1916e73
2025-12-17 05:58:42,822 - app - INFO - Prediction completed in 45.22ms
2025-12-17 06:03:40,182 - app - INFO - Cache hit for key: e98905ce9de53677f4a5866bd1916e73
2025-12-17 06:03:48,278 - app - INFO - Shutting down application...
2025-12-17 06:03:48,279 - app - INFO - Total predictions served: 2
2025-12-17 06:03:50,087 - app - INFO - ======================================================================
2025-12-17 06:03:50,087 - app - INFO - Starting Punjab Soil Predictor API v2.0.0
2025-12-17 06:03:50,087 - app - INFO - ======================================================================
2025-12-17 06:03:50,105 - app - INFO - ✓ Loaded 7 models successfully
2025-12-17 06:03:50,105 - app - INFO - ✓ Application ready
2025-12-17 06:03:56,757 - app - INFO - Cached prediction for key: e98905ce9de53677f4a5866bd1916e73
2025-12-17 06:03:56,757 - app - INFO - Prediction completed in 46.22ms
2025-12-17 06:03:58,335 - app - ERROR - Unhandled exception: name 'canvas' is not defined
Traceback (most recent call last):
  File "/Library/Frameworks/Python.framework/Versions/3.14/lib/python3.14/site-packages/starlette/middleware/errors.py", line 164, in __call__
    await self.app(scope, receive, _send)
  File "/Library/Frameworks/Python.framework/Versions/3.14/lib/python3.14/site-packages/starlette/middleware/gzip.py", line 29, in __call__
    await responder(scope, receive, send)
  File "/Library/Frameworks/Python.framework/Versions/3.14/lib/python3.14/site-packages/starlette/middleware/gzip.py", line 130, in __call__
    await super().__call__(scope, receive, send)
  File "/Library/Frameworks/Python.framework/Versions/3.14/lib/python3.14/site-packages/starlette/middleware/gzip.py", line 46, in __call__
    await self.app(scope, receive, self.send_with_compression)
  File "/Library/Frameworks/Python.framework/Versions/3.14/lib/python3.14/site-packages/starlette/middleware/cors.py", line 93, in __call__
    await self.simple_response(scope, receive, send, request_headers=headers)
  File "/Library/Frameworks/Python.framework/Versions/3.14/lib/python3.14/site-packages/starlette/middleware/cors.py", line 144, in simple_response
    await self.app(scope, receive, send)
  File "/Library/Frameworks/Python.framework/Versions/3.14/lib/python3.14/site-packages/starlette/middleware/exceptions.py", line 63, in __call__
    await wrap_app_handling_exceptions(self.app, conn)(scope, receive, send)
  File "/Library/Frameworks/Python.framework/Versions/3.14/lib/python3.14/site-packages/starlette/_exception_handler.py", line 53, in wrapped_app
    raise exc
  File "/Library/Frameworks/Python.framework/Versions/3.14/lib/python3.14/site-packages/starlette/_exception_handler.py", line 42, in wrapped_app
    await app(scope, receive, sender)
  File "/Library/Frameworks/Python.framework/Versions/3.14/lib/python3.14/site-packages/fastapi/middleware/asyncexitstack.py", line 18, in __call__
    await self.app(scope, receive, send)
  File "/Library/Frameworks/Python.framework/Versions/3.14/lib/python3.14/site-packages/starlette/routing.py", line 716, in __call__
    await self.middleware_stack(scope, receive, send)
  File "/Library/Frameworks/Python.framework/Versions/3.14/lib/python3.14/site-packages/starlette/routing.py", line 736, in app
    await route.handle(scope, receive, send)
  File "/Library/Frameworks/Python.framework/Versions/3.14/lib/python3.14/site-packages/starlette/routing.py", line 290, in handle
    await self.app(scope, receive, send)
  File "/Library/Frameworks/Python.framework/Versions/3.14/lib/python3.14/site-packages/fastapi/routing.py", line 120, in app
    await wrap_app_handling_exceptions(app, request)(scope, receive, send)
  File "/Library/Frameworks/Python.framework/Versions/3.14/lib/python3.14/site-packages/starlette/_exception_handler.py", line 53, in wrapped_app
    raise exc
  File "/Library/Frameworks/Python.framework/Versions/3.14/lib/python3.14/site-packages/starlette/_exception_handler.py", line 42, in wrapped_app
    await app(scope, receive, sender)
  File "/Library/Frameworks/Python.framework/Versions/3.14/lib/python3.14/site-packages/fastapi/routing.py", line 106, in app
    response = await f(request)
               ^^^^^^^^^^^^^^^^
  File "/Library/Frameworks/Python.framework/Versions/3.14/lib/python3.14/site-packages/fastapi/routing.py", line 430, in app
    raw_response = await run_endpoint_function(
                   ^^^^^^^^^^^^^^^^^^^^^^^^^^^^
    ...<3 lines>...
    )
    ^
  File "/Library/Frameworks/Python.framework/Versions/3.14/lib/python3.14/site-packages/fastapi/routing.py", line 316, in run_endpoint_function
    return await dependant.call(**values)
           ^^^^^^^^^^^^^^^^^^^^^^^^^^^^^^
  File "/Users/demo/punjab-soil-predictor/app.py", line 552, in generate_pdf
    c = canvas.Canvas(buffer, pagesize=letter)
        ^^^^^^
NameError: name 'canvas' is not defined
2025-12-17 06:04:01,456 - app - ERROR - Unhandled exception: name 'canvas' is not defined
Traceback (most recent call last):
  File "/Library/Frameworks/Python.framework/Versions/3.14/lib/python3.14/site-packages/starlette/middleware/errors.py", line 164, in __call__
    await self.app(scope, receive, _send)
  File "/Library/Frameworks/Python.framework/Versions/3.14/lib/python3.14/site-packages/starlette/middleware/gzip.py", line 29, in __call__
    await responder(scope, receive, send)
  File "/Library/Frameworks/Python.framework/Versions/3.14/lib/python3.14/site-packages/starlette/middleware/gzip.py", line 130, in __call__
    await super().__call__(scope, receive, send)
  File "/Library/Frameworks/Python.framework/Versions/3.14/lib/python3.14/site-packages/starlette/middleware/gzip.py", line 46, in __call__
    await self.app(scope, receive, self.send_with_compression)
  File "/Library/Frameworks/Python.framework/Versions/3.14/lib/python3.14/site-packages/starlette/middleware/cors.py", line 93, in __call__
    await self.simple_response(scope, receive, send, request_headers=headers)
  File "/Library/Frameworks/Python.framework/Versions/3.14/lib/python3.14/site-packages/starlette/middleware/cors.py", line 144, in simple_response
    await self.app(scope, receive, send)
  File "/Library/Frameworks/Python.framework/Versions/3.14/lib/python3.14/site-packages/starlette/middleware/exceptions.py", line 63, in __call__
    await wrap_app_handling_exceptions(self.app, conn)(scope, receive, send)
  File "/Library/Frameworks/Python.framework/Versions/3.14/lib/python3.14/site-packages/starlette/_exception_handler.py", line 53, in wrapped_app
    raise exc
  File "/Library/Frameworks/Python.framework/Versions/3.14/lib/python3.14/site-packages/starlette/_exception_handler.py", line 42, in wrapped_app
    await app(scope, receive, sender)
  File "/Library/Frameworks/Python.framework/Versions/3.14/lib/python3.14/site-packages/fastapi/middleware/asyncexitstack.py", line 18, in __call__
    await self.app(scope, receive, send)
  File "/Library/Frameworks/Python.framework/Versions/3.14/lib/python3.14/site-packages/starlette/routing.py", line 716, in __call__
    await self.middleware_stack(scope, receive, send)
  File "/Library/Frameworks/Python.framework/Versions/3.14/lib/python3.14/site-packages/starlette/routing.py", line 736, in app
    await route.handle(scope, receive, send)
  File "/Library/Frameworks/Python.framework/Versions/3.14/lib/python3.14/site-packages/starlette/routing.py", line 290, in handle
    await self.app(scope, receive, send)
  File "/Library/Frameworks/Python.framework/Versions/3.14/lib/python3.14/site-packages/fastapi/routing.py", line 120, in app
    await wrap_app_handling_exceptions(app, request)(scope, receive, send)
  File "/Library/Frameworks/Python.framework/Versions/3.14/lib/python3.14/site-packages/starlette/_exception_handler.py", line 53, in wrapped_app
    raise exc
  File "/Library/Frameworks/Python.framework/Versions/3.14/lib/python3.14/site-packages/starlette/_exception_handler.py", line 42, in wrapped_app
    await app(scope, receive, sender)
  File "/Library/Frameworks/Python.framework/Versions/3.14/lib/python3.14/site-packages/fastapi/routing.py", line 106, in app
    response = await f(request)
               ^^^^^^^^^^^^^^^^
  File "/Library/Frameworks/Python.framework/Versions/3.14/lib/python3.14/site-packages/fastapi/routing.py", line 430, in app
    raw_response = await run_endpoint_function(
                   ^^^^^^^^^^^^^^^^^^^^^^^^^^^^
    ...<3 lines>...
    )
    ^
  File "/Library/Frameworks/Python.framework/Versions/3.14/lib/python3.14/site-packages/fastapi/routing.py", line 316, in run_endpoint_function
    return await dependant.call(**values)
           ^^^^^^^^^^^^^^^^^^^^^^^^^^^^^^
  File "/Users/demo/punjab-soil-predictor/app.py", line 552, in generate_pdf
    c = canvas.Canvas(buffer, pagesize=letter)
        ^^^^^^
NameError: name 'canvas' is not defined
2025-12-17 06:09:13,018 - app - INFO - Shutting down application...
2025-12-17 06:09:13,019 - app - INFO - Total predictions served: 1
2025-12-17 06:09:14,898 - app - INFO - ======================================================================
2025-12-17 06:09:14,898 - app - INFO - Starting Punjab Soil Predictor API v2.0.0
2025-12-17 06:09:14,898 - app - INFO - ======================================================================
2025-12-17 06:09:14,920 - app - INFO - ✓ Loaded 7 models successfully
2025-12-17 06:09:14,920 - app - INFO - ✓ Application ready
2025-12-17 06:09:20,934 - app - INFO - Cached prediction for key: e98905ce9de53677f4a5866bd1916e73
2025-12-17 06:09:20,934 - app - INFO - Prediction completed in 45.44ms
2025-12-17 06:10:30,162 - app - INFO - Cached prediction for key: 40e6e7fd57d6b166355e0df4364ce44e
2025-12-17 06:10:30,163 - app - INFO - Prediction completed in 46.63ms
2025-12-17 07:59:17,344 - app - INFO - Cached prediction for key: 40e6e7fd57d6b166355e0df4364ce44e
2025-12-17 07:59:17,346 - app - INFO - Prediction completed in 82.00ms
2025-12-17 08:01:10,080 - app - INFO - Cached prediction for key: 824972d11b41bcc0f4c71e58ab434450
2025-12-17 08:01:10,081 - app - INFO - Prediction completed in 45.98ms
2025-12-17 08:18:07,051 - app - INFO - Cached prediction for key: cb433a85fc100430c6b8ec0cf15d0631
2025-12-17 08:18:07,051 - app - INFO - Prediction completed in 44.54ms
2025-12-17 08:18:22,523 - app - INFO - Cached prediction for key: 829c48582ae633f36068dfc2856444fd
2025-12-17 08:18:22,523 - app - INFO - Prediction completed in 38.57ms
2025-12-17 08:45:40,664 - app - INFO - Cached prediction for key: 8ab27cf4714e04dabe2f064e1ce15956
2025-12-17 08:45:40,665 - app - INFO - Prediction completed in 40.53ms
2025-12-17 08:53:05,533 - app - INFO - Cached prediction for key: da05ddc47fc8a557f6429fd9ab82c354
2025-12-17 08:53:05,534 - app - INFO - Prediction completed in 45.16ms
2025-12-17 08:53:25,668 - app - INFO - Cached prediction for key: aac3bba4c80d58081fb2647cfd981174
2025-12-17 08:53:25,668 - app - INFO - Prediction completed in 42.78ms
2025-12-17 09:43:08,619 - app - INFO - Cache hit for key: aac3bba4c80d58081fb2647cfd981174
2025-12-17 10:22:09,818 - app - INFO - Cached prediction for key: 523247c29c43ad423f1c7e90bf9f3981
2025-12-17 10:22:09,818 - app - INFO - Prediction completed in 50.89ms
2025-12-17 10:29:02,207 - app - INFO - Cached prediction for key: 3676c87b7d9bfb457a8de230f156319f
2025-12-17 10:29:02,208 - app - INFO - Prediction completed in 53.75ms
2025-12-17 10:45:30,654 - app - INFO - Cached prediction for key: adab0fd65ad5828973246c9d6670ca3e
2025-12-17 10:45:30,655 - app - INFO - Prediction completed in 48.88ms
2025-12-17 10:46:14,168 - app - INFO - Cached prediction for key: 397b391c47c20fa4175a4e03f1d5acef
2025-12-17 10:46:14,168 - app - INFO - Prediction completed in 46.98ms
2025-12-17 10:46:59,915 - app - INFO - Cached prediction for key: d8a6b381c09b2567b9ad536ba3ebfd7c
2025-12-17 10:46:59,916 - app - INFO - Prediction completed in 47.39ms
2025-12-17 10:48:28,292 - app - INFO - Cached prediction for key: f4f51b5dcf70b193d5bb4b45f97b2946
2025-12-17 10:48:28,293 - app - INFO - Prediction completed in 45.46ms
2025-12-17 10:56:39,501 - app - INFO - Cached prediction for key: 40651c0d2c09d453a91ac4fae5137dda
2025-12-17 10:56:39,502 - app - INFO - Prediction completed in 53.16ms
2025-12-17 10:56:44,160 - app - INFO - Cache hit for key: 40651c0d2c09d453a91ac4fae5137dda
2025-12-17 10:58:30,737 - app - INFO - Cached prediction for key: 0b6ba0297ad30239f66442bc36cfe6b4
2025-12-17 10:58:30,737 - app - INFO - Prediction completed in 51.15ms
2025-12-17 11:00:06,897 - app - INFO - Cached prediction for key: b502c754fe33775da9c3bda551436242
2025-12-17 11:00:06,898 - app - INFO - Prediction completed in 49.72ms
2025-12-17 11:27:27,109 - app - INFO - Cached prediction for key: e98905ce9de53677f4a5866bd1916e73
2025-12-17 11:27:27,110 - app - INFO - Prediction completed in 50.27ms
2025-12-17 11:33:00,249 - app - INFO - Cache hit for key: e98905ce9de53677f4a5866bd1916e73
2025-12-17 11:44:10,038 - app - INFO - Cached prediction for key: fe299d2f67128d0f54996d6076ad29ce
2025-12-17 11:44:10,039 - app - INFO - Prediction completed in 50.56ms
2025-12-17 11:51:22,193 - app - INFO - Cached prediction for key: 06cc425de6738203669e055455ad0c99
2025-12-17 11:51:22,194 - app - INFO - Prediction completed in 45.13ms
2025-12-17 11:51:36,159 - app - INFO - Cached prediction for key: 0408e08cf78e3e512997c87cc0675b08
2025-12-17 11:51:36,159 - app - INFO - Prediction completed in 45.08ms
2025-12-17 12:10:21,316 - app - INFO - Cache hit for key: 0408e08cf78e3e512997c87cc0675b08
2025-12-17 12:11:16,785 - app - INFO - Cached prediction for key: d221bc7d54883804f46f1cd7911b9d44
2025-12-17 12:11:16,785 - app - INFO - Prediction completed in 53.99ms
2025-12-17 14:10:09,076 - app - INFO - Cached prediction for key: ba257fd063a77504ded25227f6604de0
2025-12-17 14:10:09,077 - app - INFO - Prediction completed in 93.72ms
2025-12-17 14:10:31,271 - app - INFO - Cache hit for key: ba257fd063a77504ded25227f6604de0
2025-12-17 14:10:43,969 - app - INFO - Cache hit for key: ba257fd063a77504ded25227f6604de0
2025-12-17 14:25:39,988 - app - INFO - Cache hit for key: ba257fd063a77504ded25227f6604de0
2025-12-19 14:04:25,827 - app - INFO - ======================================================================
2025-12-19 14:04:25,827 - app - INFO - Starting Punjab Soil Predictor API v2.0.0
2025-12-19 14:04:25,827 - app - INFO - ======================================================================
2025-12-19 14:04:25,844 - app - INFO - ✓ Loaded 7 models successfully
2025-12-19 14:04:25,845 - app - INFO - ✓ Application ready
2025-12-19 14:04:48,564 - app - INFO - Cached prediction for key: e98905ce9de53677f4a5866bd1916e73
2025-12-19 14:04:48,564 - app - INFO - Prediction completed in 52.00ms
2025-12-19 14:04:56,249 - app - INFO - Cache hit for key: e98905ce9de53677f4a5866bd1916e73
2025-12-19 14:05:10,479 - app - INFO - Cache hit for key: e98905ce9de53677f4a5866bd1916e73
2025-12-19 14:06:44,719 - app - INFO - Shutting down application...
2025-12-19 14:06:44,720 - app - INFO - Total predictions served: 3
2025-12-19 14:06:46,950 - app - INFO - ======================================================================
2025-12-19 14:06:46,950 - app - INFO - Starting Punjab Soil Predictor API v2.0.0
2025-12-19 14:06:46,950 - app - INFO - ======================================================================
2025-12-19 14:06:46,968 - app - INFO - ✓ Loaded 7 models successfully
2025-12-19 14:06:46,968 - app - INFO - ✓ Application ready
2025-12-19 14:06:51,038 - app - INFO - Cached prediction for key: e98905ce9de53677f4a5866bd1916e73
2025-12-19 14:06:51,038 - app - INFO - Prediction completed in 45.13ms
2025-12-19 14:07:07,514 - app - INFO - Cache hit for key: e98905ce9de53677f4a5866bd1916e73
2025-12-19 14:07:15,814 - app - INFO - Cached prediction for key: 36a221f451735ef0a5b12bc784a55e1b
2025-12-19 14:07:15,814 - app - INFO - Prediction completed in 44.16ms
2025-12-19 14:07:16,904 - app - INFO - Cache hit for key: 36a221f451735ef0a5b12bc784a55e1b
2025-12-19 14:07:17,753 - app - INFO - Cache hit for key: 36a221f451735ef0a5b12bc784a55e1b
2025-12-19 14:07:18,271 - app - INFO - Cache hit for key: 36a221f451735ef0a5b12bc784a55e1b
2025-12-19 14:07:18,420 - app - INFO - Cache hit for key: 36a221f451735ef0a5b12bc784a55e1b
2025-12-19 14:07:18,592 - app - INFO - Cache hit for key: 36a221f451735ef0a5b12bc784a55e1b
2025-12-19 14:07:19,185 - app - INFO - Cache hit for key: 36a221f451735ef0a5b12bc784a55e1b
2025-12-19 14:07:19,364 - app - INFO - Cache hit for key: 36a221f451735ef0a5b12bc784a55e1b
2025-12-19 14:07:19,897 - app - INFO - Cache hit for key: 36a221f451735ef0a5b12bc784a55e1b
2025-12-19 14:07:20,053 - app - INFO - Cache hit for key: 36a221f451735ef0a5b12bc784a55e1b
2025-12-19 14:07:26,575 - app - INFO - Cached prediction for key: c2bb783212b15d7a0375452eb96492d8
2025-12-19 14:07:26,576 - app - INFO - Prediction completed in 45.18ms
2025-12-19 14:07:27,601 - app - INFO - Cache hit for key: c2bb783212b15d7a0375452eb96492d8
2025-12-19 14:07:32,375 - app - INFO - Cache hit for key: c2bb783212b15d7a0375452eb96492d8
2025-12-19 14:07:34,324 - app - INFO - Cache hit for key: c2bb783212b15d7a0375452eb96492d8
2025-12-19 14:07:49,045 - app - INFO - Cache hit for key: c2bb783212b15d7a0375452eb96492d8
2025-12-19 14:10:05,832 - app - INFO - Cache hit for key: e98905ce9de53677f4a5866bd1916e73
2025-12-19 14:10:13,630 - app - INFO - Cache hit for key: e98905ce9de53677f4a5866bd1916e73
2025-12-19 14:11:52,831 - app - INFO - Cache hit for key: e98905ce9de53677f4a5866bd1916e73
2025-12-19 15:26:10,552 - app - INFO - Cached prediction for key: 5154c398c05fd4fbd840d7e341b286ce
2025-12-19 15:26:10,553 - app - INFO - Prediction completed in 133.38ms
2025-12-19 15:26:12,004 - app - INFO - Cache hit for key: 5154c398c05fd4fbd840d7e341b286ce
2025-12-28 10:13:04,684 - app - INFO - ======================================================================
2025-12-28 10:13:04,685 - app - INFO - Starting Punjab Soil Predictor API v2.0.0
2025-12-28 10:13:04,685 - app - INFO - ======================================================================
2025-12-28 10:13:04,702 - app - INFO - ✓ Loaded 7 models successfully
2025-12-28 10:13:04,703 - app - INFO - ✓ Application ready
2025-12-28 10:13:35,258 - app - INFO - Cached prediction for key: e98905ce9de53677f4a5866bd1916e73
2025-12-28 10:13:35,259 - app - INFO - Prediction completed in 46.26ms
2025-12-28 10:13:49,377 - app - INFO - Cached prediction for key: ab733336ffcc873564c7ee2f8db6873e
2025-12-28 10:13:49,429 - app - INFO - Prediction completed in 96.11ms
2025-12-28 10:20:11,664 - app - INFO - Shutting down application...
2025-12-28 10:20:11,665 - app - INFO - Total predictions served: 2
2025-12-28 10:20:13,717 - app - INFO - ======================================================================
2025-12-28 10:20:13,717 - app - INFO - Starting Punjab Soil Predictor API v2.0.0
2025-12-28 10:20:13,717 - app - INFO - ======================================================================
2025-12-28 10:20:13,736 - app - INFO - ✓ Loaded 7 models successfully
2025-12-28 10:20:13,736 - app - INFO - ✓ Application ready
2025-12-28 10:20:21,701 - app - INFO - Cached prediction for key: e98905ce9de53677f4a5866bd1916e73
2025-12-28 10:20:21,702 - app - INFO - Prediction completed in 47.89ms
2025-12-28 10:23:54,572 - app - INFO - Shutting down application...
2025-12-28 10:23:54,574 - app - INFO - Total predictions served: 1
2025-12-28 10:23:56,651 - app - INFO - ======================================================================
2025-12-28 10:23:56,651 - app - INFO - Starting Punjab Soil Predictor API v2.0.0
2025-12-28 10:23:56,651 - app - INFO - ======================================================================
2025-12-28 10:23:56,670 - app - INFO - ✓ Loaded 7 models successfully
2025-12-28 10:23:56,670 - app - INFO - ✓ Application ready
2025-12-28 10:24:08,316 - app - INFO - Cached prediction for key: e98905ce9de53677f4a5866bd1916e73
2025-12-28 10:24:08,317 - app - INFO - Prediction completed in 46.83ms
2025-12-28 10:24:46,535 - app - INFO - Cached prediction for key: b3e7e1d01f88aa43bb6bd9b0718bedd5
2025-12-28 10:24:46,537 - app - INFO - Prediction completed in 49.34ms
2025-12-28 16:43:38,092 - app - INFO - Cached prediction for key: e98905ce9de53677f4a5866bd1916e73
2025-12-28 16:43:38,093 - app - INFO - Prediction completed in 70.45ms
2025-12-28 16:43:48,518 - app - INFO - Cached prediction for key: 41230f9b713a06a6ec7f2adda3d1360e
2025-12-28 16:43:48,519 - app - INFO - Prediction completed in 45.08ms
2025-12-28 17:39:45,588 - app - INFO - Cache hit for key: e98905ce9de53677f4a5866bd1916e73
